  Preprocessing: avgBlocks.cl
  Ignoring -TARGETOS option - not supported for 64-bit version of this tool 
  
  Using build options:  -I "D:\Fall 2022 ED2\EGN-4952C-Fall-2022-FAU-Group-3-Fast-Text-Detection\Fast Text Detection OpenCL Pipeline\Fast Text Detection OpenCL Pipeline"
  Platform name: Intel(R) OpenCL HD Graphics
  Device name: Intel(R) HD Graphics 630
  Device version: OpenCL 3.0 NEO 
  Device vendor: Intel(R) Corporation
  Device profile: FULL_PROFILE
  
  avgFrame info:
  	Maximum work-group size: 256
  	Compiler work-group size: (0, 0, 0)
  	Local memory size: 0
  	Preferred multiple of work-group size: 32
  	Minimum amount of private memory: 0
  	Amount of spill memory used by the kernel: 0
  
  avgFrameWrite info:
  	Maximum work-group size: 256
  	Compiler work-group size: (0, 0, 0)
  	Local memory size: 0
  	Preferred multiple of work-group size: 32
  	Minimum amount of private memory: 0
  	Amount of spill memory used by the kernel: 0
  
  avgFrameFlex info:
  	Maximum work-group size: 256
  	Compiler work-group size: (0, 0, 0)
  	Local memory size: 0
  	Preferred multiple of work-group size: 32
  	Minimum amount of private memory: 0
  	Amount of spill memory used by the kernel: 0
  
  avgFrameWriteFlex info:
  	Maximum work-group size: 256
  	Compiler work-group size: (0, 0, 0)
  	Local memory size: 0
  	Preferred multiple of work-group size: 32
  	Minimum amount of private memory: 0
  	Amount of spill memory used by the kernel: 0
  
  avgFrame2D info:
  	Maximum work-group size: 256
  	Compiler work-group size: (0, 0, 0)
  	Local memory size: 0
  	Preferred multiple of work-group size: 32
  	Minimum amount of private memory: 0
  	Amount of spill memory used by the kernel: 0
  
  avgFrameWrite2D info:
  	Maximum work-group size: 256
  	Compiler work-group size: (0, 0, 0)
  	Local memory size: 0
  	Preferred multiple of work-group size: 32
  	Minimum amount of private memory: 0
  	Amount of spill memory used by the kernel: 0
  
  Build succeeded!
  
cl : command line warning D9035: option 'Gm' has been deprecated and will be removed in a future release
  utils.cpp
  avgDriver.cpp
D:\Fall 2022 ED2\EGN-4952C-Fall-2022-FAU-Group-3-Fast-Text-Detection\Fast Text Detection OpenCL Pipeline\Fast Text Detection OpenCL Pipeline\avgDriver.cpp(32,10): warning C4067: unexpected tokens following preprocessor directive - expected a newline
D:\Fall 2022 ED2\EGN-4952C-Fall-2022-FAU-Group-3-Fast-Text-Detection\Fast Text Detection OpenCL Pipeline\Fast Text Detection OpenCL Pipeline\SimpleYUV.h(55,35): warning C4244: 'initializing': conversion from 'double' to 'size_t', possible loss of data
D:\Fall 2022 ED2\EGN-4952C-Fall-2022-FAU-Group-3-Fast-Text-Detection\Fast Text Detection OpenCL Pipeline\Fast Text Detection OpenCL Pipeline\SimpleYUV.h(82,21): warning C4244: 'initializing': conversion from 'double' to 'uint32_t', possible loss of data
D:\Fall 2022 ED2\EGN-4952C-Fall-2022-FAU-Group-3-Fast-Text-Detection\Fast Text Detection OpenCL Pipeline\Fast Text Detection OpenCL Pipeline\SimpleYUV.h(98,21): warning C4244: 'initializing': conversion from 'double' to 'uint32_t', possible loss of data
D:\Fall 2022 ED2\EGN-4952C-Fall-2022-FAU-Group-3-Fast-Text-Detection\Fast Text Detection OpenCL Pipeline\Fast Text Detection OpenCL Pipeline\SimpleYUV.h(114,21): warning C4244: 'initializing': conversion from 'double' to 'uint32_t', possible loss of data
D:\Fall 2022 ED2\EGN-4952C-Fall-2022-FAU-Group-3-Fast-Text-Detection\Fast Text Detection OpenCL Pipeline\Fast Text Detection OpenCL Pipeline\SimpleYUV.h(130,16): warning C4244: 'initializing': conversion from 'double' to 'int', possible loss of data
D:\Fall 2022 ED2\EGN-4952C-Fall-2022-FAU-Group-3-Fast-Text-Detection\Fast Text Detection OpenCL Pipeline\Fast Text Detection OpenCL Pipeline\SimpleYUV.h(158,21): warning C4244: 'initializing': conversion from 'double' to 'uint32_t', possible loss of data
D:\Fall 2022 ED2\EGN-4952C-Fall-2022-FAU-Group-3-Fast-Text-Detection\Fast Text Detection OpenCL Pipeline\Fast Text Detection OpenCL Pipeline\SimpleYUV.h(184,21): warning C4244: 'initializing': conversion from 'double' to 'uint32_t', possible loss of data
D:\Fall 2022 ED2\EGN-4952C-Fall-2022-FAU-Group-3-Fast-Text-Detection\Fast Text Detection OpenCL Pipeline\Fast Text Detection OpenCL Pipeline\SimpleYUV.h(210,21): warning C4244: 'initializing': conversion from 'double' to 'uint32_t', possible loss of data
D:\Fall 2022 ED2\EGN-4952C-Fall-2022-FAU-Group-3-Fast-Text-Detection\Fast Text Detection OpenCL Pipeline\Fast Text Detection OpenCL Pipeline\SimpleYUV.h(253,21): warning C4244: 'initializing': conversion from 'double' to 'uint32_t', possible loss of data
D:\Fall 2022 ED2\EGN-4952C-Fall-2022-FAU-Group-3-Fast-Text-Detection\Fast Text Detection OpenCL Pipeline\Fast Text Detection OpenCL Pipeline\SimpleYUV.h(315,35): warning C4244: 'initializing': conversion from 'double' to 'size_t', possible loss of data
D:\Fall 2022 ED2\EGN-4952C-Fall-2022-FAU-Group-3-Fast-Text-Detection\Fast Text Detection OpenCL Pipeline\Fast Text Detection OpenCL Pipeline\SimpleYUV.h(379,21): warning C4244: 'initializing': conversion from 'double' to 'uint64_t', possible loss of data
D:\Fall 2022 ED2\EGN-4952C-Fall-2022-FAU-Group-3-Fast-Text-Detection\Fast Text Detection OpenCL Pipeline\Fast Text Detection OpenCL Pipeline\avgDriver.cpp(112,26): warning C4244: 'initializing': conversion from 'double' to 'uint64_t', possible loss of data
D:\Fall 2022 ED2\EGN-4952C-Fall-2022-FAU-Group-3-Fast-Text-Detection\Fast Text Detection OpenCL Pipeline\Fast Text Detection OpenCL Pipeline\avgDriver.cpp(114,21): warning C4244: 'initializing': conversion from 'double' to 'uint64_t', possible loss of data
D:\Fall 2022 ED2\EGN-4952C-Fall-2022-FAU-Group-3-Fast-Text-Detection\Fast Text Detection OpenCL Pipeline\Fast Text Detection OpenCL Pipeline\avgDriver.cpp(121,19): warning C4477: 'fprintf' : format string '%d' requires an argument of type 'int', but variadic argument 1 has type 'uint64_t'
D:\Fall 2022 ED2\EGN-4952C-Fall-2022-FAU-Group-3-Fast-Text-Detection\Fast Text Detection OpenCL Pipeline\Fast Text Detection OpenCL Pipeline\avgDriver.cpp(121,19): message : consider using '%lld' in the format string
D:\Fall 2022 ED2\EGN-4952C-Fall-2022-FAU-Group-3-Fast-Text-Detection\Fast Text Detection OpenCL Pipeline\Fast Text Detection OpenCL Pipeline\avgDriver.cpp(121,19): message : consider using '%Id' in the format string
D:\Fall 2022 ED2\EGN-4952C-Fall-2022-FAU-Group-3-Fast-Text-Detection\Fast Text Detection OpenCL Pipeline\Fast Text Detection OpenCL Pipeline\avgDriver.cpp(121,19): message : consider using '%I64d' in the format string
D:\Fall 2022 ED2\EGN-4952C-Fall-2022-FAU-Group-3-Fast-Text-Detection\Fast Text Detection OpenCL Pipeline\Fast Text Detection OpenCL Pipeline\avgDriver.cpp(121,19): warning C4477: 'fprintf' : format string '%d' requires an argument of type 'int', but variadic argument 2 has type 'uint64_t'
D:\Fall 2022 ED2\EGN-4952C-Fall-2022-FAU-Group-3-Fast-Text-Detection\Fast Text Detection OpenCL Pipeline\Fast Text Detection OpenCL Pipeline\avgDriver.cpp(121,19): message : consider using '%lld' in the format string
D:\Fall 2022 ED2\EGN-4952C-Fall-2022-FAU-Group-3-Fast-Text-Detection\Fast Text Detection OpenCL Pipeline\Fast Text Detection OpenCL Pipeline\avgDriver.cpp(121,19): message : consider using '%Id' in the format string
D:\Fall 2022 ED2\EGN-4952C-Fall-2022-FAU-Group-3-Fast-Text-Detection\Fast Text Detection OpenCL Pipeline\Fast Text Detection OpenCL Pipeline\avgDriver.cpp(121,19): message : consider using '%I64d' in the format string
D:\Fall 2022 ED2\EGN-4952C-Fall-2022-FAU-Group-3-Fast-Text-Detection\Fast Text Detection OpenCL Pipeline\Fast Text Detection OpenCL Pipeline\avgDriver.cpp(132,44): warning C4267: 'initializing': conversion from 'size_t' to 'int', possible loss of data
D:\Fall 2022 ED2\EGN-4952C-Fall-2022-FAU-Group-3-Fast-Text-Detection\Fast Text Detection OpenCL Pipeline\Fast Text Detection OpenCL Pipeline\avgDriver.cpp(158,16): warning C4244: 'initializing': conversion from 'uint64_t' to 'int', possible loss of data
D:\Fall 2022 ED2\EGN-4952C-Fall-2022-FAU-Group-3-Fast-Text-Detection\Fast Text Detection OpenCL Pipeline\Fast Text Detection OpenCL Pipeline\avgDriver.cpp(218,22): warning C4838: conversion from 'int' to 'size_t' requires a narrowing conversion
D:\Fall 2022 ED2\EGN-4952C-Fall-2022-FAU-Group-3-Fast-Text-Detection\Fast Text Detection OpenCL Pipeline\Fast Text Detection OpenCL Pipeline\avgDriver.cpp(269,27): warning C4838: conversion from 'int' to 'size_t' requires a narrowing conversion
  Generating Code...
  Fast Text Detection OpenCL Pipeline.vcxproj -> D:\Fall 2022 ED2\EGN-4952C-Fall-2022-FAU-Group-3-Fast-Text-Detection\Fast Text Detection OpenCL Pipeline\x64\Debug\Fast Text Detection OpenCL Pipeline.exe
  avgBlocks.cl
          1 file(s) copied.
